{
  "stats": {
    "suites": 1,
    "tests": 2,
    "passes": 1,
    "pending": 0,
    "failures": 1,
    "start": "2024-09-03T20:04:59.457Z",
    "end": "2024-09-03T20:05:09.471Z",
    "duration": 10014,
    "testsRegistered": 2,
    "passPercent": 50,
    "pendingPercent": 0,
    "other": 0,
    "hasOther": false,
    "skipped": 0,
    "hasSkipped": false
  },
  "results": [
    {
      "uuid": "e2558303-2a29-408f-9596-2757c4610d30",
      "title": "",
      "fullFile": "cypress/e2e/SPC/campaignsNcauses.cy.js",
      "file": "cypress/e2e/SPC/campaignsNcauses.cy.js",
      "beforeHooks": [],
      "afterHooks": [],
      "tests": [],
      "suites": [
        {
          "uuid": "eb794da1-1daf-4050-ba4c-cdc44d5bc6f9",
          "title": "Campaigns and Causes View projects",
          "fullFile": "",
          "file": "",
          "beforeHooks": [],
          "afterHooks": [],
          "tests": [
            {
              "title": "Verify view projects in Campaigns",
              "fullTitle": "Campaigns and Causes View projects Verify view projects in Campaigns",
              "timedOut": null,
              "duration": 5684,
              "state": "passed",
              "speed": "medium",
              "pass": true,
              "fail": false,
              "pending": false,
              "context": null,
              "code": "const projectList = [\"Community Action for Fresh Water\", \"Prioritizing Mental Health\", \"Rotary Responds to the Crisis in the Ukraine\", \"Empowering Girls\"];\nccObjects.campaignHeading().should('contain.text', 'Campaigns');\nccObjects.projectList().should('have.length', '4');\nccObjects.projectTitleList().each((item, index, list) => {\n  expect(list).to.have.length(4);\n  cy.wrap(item).should('contain.text', projectList[index]);\n});\nccObjects.projectTitleList().each(item => {\n  if (item.text() === projectList[2]) {\n    ccObjects.freshWaterViewProject().click();\n  }\n});\ncy.url().should('contain', '/projects');\nccObjects.searchKeyword().should('have.attr', 'value').and('eq', 'FreshWaterProject');",
              "err": {},
              "uuid": "3cd23044-2350-47ae-9511-1d12961e7a37",
              "parentUUID": "eb794da1-1daf-4050-ba4c-cdc44d5bc6f9",
              "isHook": false,
              "skipped": false
            },
            {
              "title": "Verify view projects in Causes",
              "fullTitle": "Campaigns and Causes View projects Verify view projects in Causes",
              "timedOut": null,
              "duration": 4259,
              "state": "failed",
              "speed": null,
              "pass": false,
              "fail": true,
              "pending": false,
              "context": "{\n  \"title\": \"cypress-mochawesome-reporter-screenshots\",\n  \"value\": [\n    [\n      \"/SPC/campaignsNcauses.cy.js/Campaigns and Causes View projects -- Verify view projects in Causes (failed).png\"\n    ]\n  ]\n}",
              "code": "const causeProjectList = [\"Peacebuilding and Conflict Prevention\", \"Disease Prevention and Treatment\", \"Water, Sanitation, and Hygiene\", \"Maternal and Child Health\", \"Basic Education and Literacy\", \"Community Economic Development\", \"Environment\"];\nccObjects.campaignHeading().should('contain.text', 'Projects by Cause');\nccObjects.causeProjectTitleList().each((item, index, list) => {\n  expect(list).to.have.length(7);\n  cy.wrap(item).should('contain.text', causeProjectList[index]);\n});\nccObjects.causeProjectTitleList().each(item => {\n  if (item.text() === causeProjectList[5]) {\n    cy.get('[aria-label=\"Community Economic Development\"]').click();\n  }\n});\ncy.url().should('contain', '/projects');\n// cy.get('.areaofFocusSection.rwc-form-checkbox div.OptionsBox label').contains('Community Economic Development')\nccObjects.causeProjectCheckbox().should('have.attr', 'aria-checked').and('contain', 'true');",
              "err": {
                "message": "AssertionError: Timed out retrying after 4000ms: Expected to find element: `[class=\"rwc-rich-text\"]`, but never found it.",
                "estack": "AssertionError: Timed out retrying after 4000ms: Expected to find element: `[class=\"rwc-rich-text\"]`, but never found it.\n    at Context.eval (webpack://automation_copliot/./cypress/e2e/SPC/campaignsNcauses.cy.js:49:36)",
                "diff": null
              },
              "uuid": "cf71db70-b3fb-4891-be29-f416ccc6e73c",
              "parentUUID": "eb794da1-1daf-4050-ba4c-cdc44d5bc6f9",
              "isHook": false,
              "skipped": false
            }
          ],
          "suites": [],
          "passes": [
            "3cd23044-2350-47ae-9511-1d12961e7a37"
          ],
          "failures": [
            "cf71db70-b3fb-4891-be29-f416ccc6e73c"
          ],
          "pending": [],
          "skipped": [],
          "duration": 9943,
          "root": false,
          "rootEmpty": false,
          "_timeout": 2000
        }
      ],
      "passes": [],
      "failures": [],
      "pending": [],
      "skipped": [],
      "duration": 0,
      "root": true,
      "rootEmpty": true,
      "_timeout": 2000
    }
  ],
  "meta": {
    "mocha": {
      "version": "7.0.1"
    },
    "mochawesome": {
      "options": {
        "quiet": false,
        "reportFilename": "mochawesome",
        "saveHtml": true,
        "saveJson": true,
        "consoleReporter": "spec",
        "useInlineDiffs": false,
        "code": true
      },
      "version": "7.1.3"
    },
    "marge": {
      "options": null,
      "version": "6.2.0"
    }
  }
}